============= BUILDING STARTED ============
  Project: projekat_overlay
===========================================
Linking files...
C:/CirrusDSP/bin/clink
 -oD:/ra150/projekat/resenje/projekat_overlay/output/application/projekat_overlay__application_1_0_0.img
 -fC:/CirrusDSP/crystal32/memory_maps/v01.mem.xml
 --output_type=RAM
 --overlay_type=application
 -lC:/CirrusDSP/lib/
 -lC:/CirrusDSP/lib/dsplib
 -lC:/CirrusDSP/lib/dsplib/crystal32/
 -lC:/CirrusDSP/crystal32/common/lib/
D:/ra150/projekat/resenje/projekat_overlay/output/application/gen/src/projekat_overlay_odt.O
D:/ra150/projekat/resenje/projekat_module/output/projekat_module_1_0_0.olib
     [exec] Error #505: Public symbol: _p_function already defined
     [exec]                 in module: D:/ra150/projekat/resenje/projekat_module/output/projekat_module_1_0_0.olib|src\projekat_module_main
     [exec]               from module: D:/ra150/projekat/resenje/projekat_module/output/projekat_module_1_0_0.olib|src\p_function.O
     [exec] 1 error(s) encountered during parsing object file(s)!

BUILD FAILED
D:\ra150\projekat\resenje\projekat_overlay\output\application\application.build.xml:4: exec returned: 1

Total time: 0 seconds
