============= BUILDING STARTED ============
  Project: projekat_model3
===========================================
Compiling .c files...
   [delete] Deleting: D:\ra150\projekat\resenje\projekat_model3\output\standalone\src\main.O
   [delete] Deleting: D:\ra150\projekat\resenje\projekat_model3\output\standalone\src\main.s
D:/ra150/projekat/resenje/projekat_model3/src/main.cpp
C:/CirrusDSP/bin/ccc2 D:/ra150/projekat/resenje/projekat_model3/src/main.cpp
 -S
 -ruf
 -fcse
 -fprc
 -fcompact
 -funsafe-loop-optimizations
 -g
 -edi
 -emit-hints
 -ira
 -fconst-pool=X
 -fno0init
 -femit-asm-struct
 -cdl
 -D_TOOLS_VERSION_=0x0701
 -D_SLOT_=0
 -D_OVLY_=standalone
 -D_OVLY_REVISION_=020000
 -D_VERSION_=00
 -D_DSP_=a
 -D_COMMON_INC_PATH_=C:/CirrusDSP/crystal32/common/inc/
 -D_TARGET_FAMILY_=crystal32
 -D_MUI_VERSION_=020000
 -IC:/CirrusDSP/include/
 -IC:/CirrusDSP/include/dsplib/
 -ID:/ra150/projekat/resenje/projekat_model3/inc/
 -oD:/ra150/projekat/resenje/projekat_model3/output/standalone/src/main.s
 -D_LOCAL_SRC_PATH_=src/
 -D_LOCAL_INC_PATH_=inc/
 -D_ROUTER_INC_PATH_=rom_inc/
     [exec] "C:/CirrusDSP/include/stdio.h", line 8: warning #1108: #warning directive: Functionality of stdio.h header file is not fully supported
     [exec]   #warning Functionality of stdio.h header file is not fully supported
     [exec]    ^
     [exec] 
     [exec] "C:/CirrusDSP/include/string.h", line 8: warning #1108: #warning directive: Functionality of string.h header file is not fully supported
     [exec]   #warning Functionality of string.h header file is not fully supported
     [exec]    ^
     [exec] 
     [exec] "C:/CirrusDSP/include/string.h", line 13: warning #303: typedef name has already beenWARNING: '-unsafe-loop-optimization' is ignored when '-g' option is used!
     [exec] "D:/ra150/projekat/resenje/projekat_model3/src/main.cpp", line 63: warning: The following register names are detected in the asm string but are not declared in the clobber list: x0 
     [exec] 
     [exec] "D:/ra150/projekat/resenje/projekat_model3/src/main.cpp", line 66: warning: The following register names are detected in the asm string but are not declared in the clobber list: x0 x1 
     [exec] 
     [exec] "D:/ra150/projekat/resenje/projekat_model3/src/main.cpp", line 69: warning: The following register names are detected in the asm string but are not declared in the clobber list: x0 x1 
     [exec] 
     [exec] "D:/ra150/projekat/resenje/projekat_model3/src/main.cpp", line 72: warning: The following register names are detected in the asm str declared (with same type)
     [exec]   typedef unsigned int size_t;
     [exec]                        ^
     [exec] 
     [exec] "D:/ra150/projekat/resenje/projekat_model3/src/main.cpp", line 57: warning #553: parameter "coefficients" was set but never used
     [exec]   DSPfract second_order_IIR(DSPfract input, __memY DSPfract* coefficients, __memX DSPfract* x_history, __memY DSPfract* y_history) {
     [exec]                                                              ^
     [exec] 
     [exec] ing but are not declared in the clobber list: x0 y0 
     [exec] 
     [exec] "D:/ra150/projekat/resenje/projekat_model3/src/main.cpp", line 75: warning: The following register names are detected in the asm string but are not declared in the clobber list: x0 y0 
     [exec] 
     [exec] "D:/ra150/projekat/resenje/projekat_model3/src/main.cpp", line 78: warning: The following register names are detected in the asm string but are not declared in the clobber list: x0 y0 
     [exec] 
     [exec] "D:/ra150/projekat/resenje/projekat_model3/src/main.cpp", line 90: warning #4007: Pointer to unspecified memory zone.
     [exec] 
     [exec] "D:/ra150/projekat/resenje/projekat_model3/src/main.cpp", line 92: warning #4007: Pointer to unspecified memory zone.
     [exec] 
     [exec] "D:/ra150/projekat/resenje/projekat_model3/src/main.cpp", line 93: warning #4007: Pointer to unspecified memory zone.
     [exec] 
     [exec] "D:/ra150/projekat/resenje/projekat_model3/src/main.cpp", line 146: info: Hardware loop is not emitted due to: 
     [exec] Upper bound and initial loop index value are not constant.
     [exec] Make them constant or try using -funsafe-loop-optimizations option.
     [exec] 
     [exec] "D:/ra150/projekat/resenje/projekat_model3/src/main.cpp", line 142: info: Hardware loop is not emitted due to: 
     [exec] Upper bound and initial loop index value are not constant.
     [exec] Make them constant or try using -funsafe-loop-optimizations option.
     [exec] 
     [exec] "D:/ra150/projekat/resenje/projekat_model3/src/main.cpp", line 140: info: Call to runtime function __div. Look at the separate document for information how to avoid this call.
     [exec] 
     [exec] "D:/ra150/projekat/resenje/projekat_model3/src/main.cpp", line 149: info: SRS is used at this line.
     [exec] 
     [exec] "D:/ra150/projekat/resenje/projekat_model3/src/main.cpp", line 162: info: SRS is used at this line.
     [exec] 
     [exec] "D:/ra150/projekat/resenje/projekat_model3/src/main.cpp", line 82: info: SRS is used at this line.
     [exec] 
     [exec] "D:/ra150/projekat/resenje/projekat_model3/src/main.cpp", line 86: info: SRS is used at this line.
     [exec] 
     [exec] FRONT END TIME: 0 seconds
     [exec] BACK  END TIME: 0 seconds
     [exec] 
Assembling .a and .s files...
D:/ra150/projekat/resenje/projekat_model3/output/standalone/src/main.s
C:/CirrusDSP/bin/casm D:/ra150/projekat/resenje/projekat_model3/output/standalone/src/main.s
 --debug
 -c
 -s
 -e
 -D_TOOLS_VERSION_=0x0701
 -D_SLOT_=0
 -D_OVLY_=standalone
 -D_OVLY_REVISION_=020000
 -D_VERSION_=00
 -D_DSP_=a
 -D_COMMON_INC_PATH_=C:/CirrusDSP/crystal32/common/inc/
 -D_TARGET_FAMILY_=crystal32
 -D_MUI_VERSION_=020000
 -IC:/CirrusDSP/include/
 -IC:/CirrusDSP/include/dsplib/
 -ID:/ra150/projekat/resenje/projekat_model3/inc/
 -lD:/ra150/projekat/resenje/projekat_model3/output/standalone/src/main.lst
 -oD:/ra150/projekat/resenje/projekat_model3/output/standalone/src/main.O
 -iC:/CirrusDSP/crystal32/common/inc/base.h
 -D_LOCAL_SRC_PATH_=src/
 -D_LOCAL_INC_PATH_=inc/
 -D_ROUTER_INC_PATH_=rom_inc/
Linking files...
C:/CirrusDSP/bin/clink
 -oD:/ra150/projekat/resenje/projekat_model3/output/standalone/projekat_model3.img
 -fC:/CirrusDSP/crystal32/memory_maps/v00.mem.xml
 --output_type=RAM
 --overlay_type=standalone
 -lC:/CirrusDSP/lib/
 -lC:/CirrusDSP/lib/dsplib
 -lC:/CirrusDSP/lib/dsplib/crystal32/
D:/ra150/projekat/resenje/projekat_model3/output/standalone/src/main.O
D:/ra150/projekat/resenje/projekat_model3/output/standalone/src/p_function.O
     [exec] Warning #507: Unknown class: Y_OS_CC_GLOBALS
     [exec]             for the segment: CC_HEAPSTEAL_VALUES
     [exec]             from the module: C:\CirrusDSP\lib\dsplib\crystal32\cl_heapsteal.O
     [exec] 
     [exec] List of linked library's modules:
     [exec] C:\CirrusDSP\lib\crt0.o
     [exec] C:\CirrusDSP\lib\div.o
     [exec] C:\CirrusDSP\lib\exit.o
     [exec] C:\CirrusDSP\lib\simulator_stack.o
     [exec] C:\CirrusDSP\lib\strcpy_x2x.o
     [exec] C:\CirrusDSP\lib\udiv.o
     [exec] C:\CirrusDSP\lib\dsplib\crystal32\cl_wavread_bits_per_sample.o
     [exec] C:\CirrusDSP\lib\dsplib\crystal32\cl_wavread_close.o
     [exec] C:\CirrusDSP\lib\dsplib\crystal32\cl_wavread_frame_rate.o
     [exec] C:\CirrusDSP\lib\dsplib\crystal32\cl_wavread_getnchannels.o
     [exec] C:\CirrusDSP\lib\dsplib\crystal32\cl_wavread_number_of_frames.o
     [exec] C:\CirrusDSP\lib\dsplib\crystal32\cl_wavread_open.o
     [exec] C:\CirrusDSP\lib\dsplib\crystal32\cl_wavread_recvsample.o
     [exec] C:\CirrusDSP\lib\dsplib\crystal32\cl_wavwrite_close.o
     [exec] C:\CirrusDSP\lib\dsplib\crystal32\cl_wavwrite_open.o
     [exec] C:\CirrusDSP\lib\dsplib\crystal32\cl_wavwrite_sendsample.o
     [exec] C:\CirrusDSP\lib\dsplib\crystal32\printf.o
Creating .uld file...
C:/CirrusDSP/bin/lnkuld
 -ja
 D:/ra150/projekat/resenje/projekat_model3/output/standalone/projekat_model3.img
 D:/ra150/projekat/resenje/projekat_model3/output/standalone/projekat_model3.uld
     [exec] 
     [exec] Reading file: D:/ra150/projekat/resenje/projekat_model3/output/standalone/projekat_model3.img ...
     [exec] 	Processed 721 line(s).
     [exec] 
     [exec] Writing output to file: D:/ra150/projekat/resenje/projekat_model3/output/standalone/projekat_model3.uld ...
     [exec] 
     [exec] Done!
     [exec] 
     [exec] Writing output to file: D:/ra150/projekat/resenje/projekat_model3/output/standalone/projekat_model3.uldb ...
     [exec] 
     [exec] Done!
     [exec] 
     [exec] Writing output to file: D:/ra150/projekat/resenje/projekat_model3/output/standalone/projekat_model3.uldc ...

BUILD SUCCESSFUL
Total time: 2 seconds
