D:\AADSP2\PROJEKAT\RESENJE\PROJEKAT_MODEL0\DEBUG\PROJEKAT_MODEL0.EXE
D:\AADSP2\PROJEKAT\RESENJE\PROJEKAT_MODEL0\DEBUG\PROJEKAT_MODEL0.ILK
D:\AADSP2\PROJEKAT\RESENJE\PROJEKAT_MODEL0\DEBUG\PROJEKAT_MODEL0.PDB
D:\aadsp2\projekat\resenje\projekat_model0\projekat_model0\Debug\cl.command.1.tlog
D:\aadsp2\projekat\resenje\projekat_model0\projekat_model0\Debug\CL.read.1.tlog
D:\aadsp2\projekat\resenje\projekat_model0\projekat_model0\Debug\CL.write.1.tlog
D:\AADSP2\PROJEKAT\RESENJE\PROJEKAT_MODEL0\PROJEKAT_MODEL0\DEBUG\IIR.OBJ
D:\aadsp2\projekat\resenje\projekat_model0\projekat_model0\Debug\link.3612.read.1.tlog
D:\aadsp2\projekat\resenje\projekat_model0\projekat_model0\Debug\link.3612.write.1.tlog
D:\aadsp2\projekat\resenje\projekat_model0\projekat_model0\Debug\link.3612-cvtres.read.1.tlog
D:\aadsp2\projekat\resenje\projekat_model0\projekat_model0\Debug\link.3612-cvtres.write.1.tlog
D:\aadsp2\projekat\resenje\projekat_model0\projekat_model0\Debug\link.command.1.tlog
D:\aadsp2\projekat\resenje\projekat_model0\projekat_model0\Debug\link.read.1.tlog
D:\aadsp2\projekat\resenje\projekat_model0\projekat_model0\Debug\link.write.1.tlog
D:\aadsp2\projekat\resenje\projekat_model0\projekat_model0\Debug\link-cvtres.read.1.tlog
D:\aadsp2\projekat\resenje\projekat_model0\projekat_model0\Debug\link-cvtres.write.1.tlog
D:\AADSP2\PROJEKAT\RESENJE\PROJEKAT_MODEL0\PROJEKAT_MODEL0\DEBUG\MAIN.OBJ
D:\aadsp2\projekat\resenje\projekat_model0\projekat_model0\Debug\mt.command.1.tlog
D:\aadsp2\projekat\resenje\projekat_model0\projekat_model0\Debug\mt.read.1.tlog
D:\aadsp2\projekat\resenje\projekat_model0\projekat_model0\Debug\mt.write.1.tlog
D:\aadsp2\projekat\resenje\projekat_model0\projekat_model0\Debug\projekat_model0.exe.embed.manifest
D:\AADSP2\PROJEKAT\RESENJE\PROJEKAT_MODEL0\PROJEKAT_MODEL0\DEBUG\PROJEKAT_MODEL0.EXE.EMBED.MANIFEST.RES
D:\AADSP2\PROJEKAT\RESENJE\PROJEKAT_MODEL0\PROJEKAT_MODEL0\DEBUG\PROJEKAT_MODEL0.EXE.INTERMEDIATE.MANIFEST
D:\aadsp2\projekat\resenje\projekat_model0\projekat_model0\Debug\projekat_model0.vcxprojResolveAssemblyReference.cache
D:\aadsp2\projekat\resenje\projekat_model0\projekat_model0\Debug\projekat_model0.write.1.tlog
D:\aadsp2\projekat\resenje\projekat_model0\projekat_model0\Debug\projekat_model0_manifest.rc
D:\aadsp2\projekat\resenje\projekat_model0\projekat_model0\Debug\rc.command.1.tlog
D:\aadsp2\projekat\resenje\projekat_model0\projekat_model0\Debug\rc.read.1.tlog
D:\aadsp2\projekat\resenje\projekat_model0\projekat_model0\Debug\rc.write.1.tlog
D:\aadsp2\projekat\resenje\projekat_model0\projekat_model0\Debug\vc100.idb
D:\AADSP2\PROJEKAT\RESENJE\PROJEKAT_MODEL0\PROJEKAT_MODEL0\DEBUG\VC100.PDB
D:\AADSP2\PROJEKAT\RESENJE\PROJEKAT_MODEL0\PROJEKAT_MODEL0\DEBUG\WAVHEADER.OBJ
D:\RA150\PROJEKAT\RESENJE\PROJEKAT_MODEL0\DEBUG\PROJEKAT_MODEL0.EXE
D:\RA150\PROJEKAT\RESENJE\PROJEKAT_MODEL0\DEBUG\PROJEKAT_MODEL0.ILK
D:\RA150\PROJEKAT\RESENJE\PROJEKAT_MODEL0\DEBUG\PROJEKAT_MODEL0.PDB
D:\RA150\PROJEKAT\RESENJE\PROJEKAT_MODEL0\PROJEKAT_MODEL0\DEBUG\MAIN.OBJ
D:\RA150\PROJEKAT\RESENJE\PROJEKAT_MODEL0\PROJEKAT_MODEL0\DEBUG\PROJEKAT_MODEL0.EXE.EMBED.MANIFEST
D:\RA150\PROJEKAT\RESENJE\PROJEKAT_MODEL0\PROJEKAT_MODEL0\DEBUG\PROJEKAT_MODEL0.EXE.EMBED.MANIFEST.RES
D:\RA150\PROJEKAT\RESENJE\PROJEKAT_MODEL0\PROJEKAT_MODEL0\DEBUG\PROJEKAT_MODEL0.EXE.INTERMEDIATE.MANIFEST
D:\RA150\PROJEKAT\RESENJE\PROJEKAT_MODEL0\PROJEKAT_MODEL0\DEBUG\VC100.PDB
D:\RA150\PROJEKAT\RESENJE\PROJEKAT_MODEL0\PROJEKAT_MODEL0\DEBUG\WAVHEADER.OBJ
